[15.03.23 11:51:00] [tasks.fetch:15] [DEBUG]: Thread ThreadFetch_0[17792] request YandexWeatherAPI for MOSCOW
[15.03.23 11:51:00] [tasks.fetch:15] [DEBUG]: Thread ThreadFetch_1[14604] request YandexWeatherAPI for PARIS
[15.03.23 11:51:00] [tasks.fetch:15] [DEBUG]: Thread ThreadFetch_2[9976] request YandexWeatherAPI for LONDON
[15.03.23 11:51:00] [tasks.fetch:15] [DEBUG]: Thread ThreadFetch_3[3424] request YandexWeatherAPI for BERLIN
[15.03.23 11:51:00] [tasks.fetch:15] [DEBUG]: Thread ThreadFetch_4[14084] request YandexWeatherAPI for BEIJING
[15.03.23 11:51:00] [tasks.fetch:15] [DEBUG]: Thread ThreadFetch_5[5204] request YandexWeatherAPI for KAZAN
[15.03.23 11:51:00] [tasks.fetch:15] [DEBUG]: Thread ThreadFetch_6[17348] request YandexWeatherAPI for SPETERSBURG
[15.03.23 11:51:00] [tasks.fetch:15] [DEBUG]: Thread ThreadFetch_7[13264] request YandexWeatherAPI for VOLGOGRAD
[15.03.23 11:51:00] [tasks.fetch:15] [DEBUG]: Thread ThreadFetch_8[15812] request YandexWeatherAPI for NOVOSIBIRSK
[15.03.23 11:51:00] [tasks.fetch:15] [DEBUG]: Thread ThreadFetch_9[3456] request YandexWeatherAPI for KALININGRAD
[15.03.23 11:51:00] [tasks.fetch:15] [DEBUG]: Thread ThreadFetch_10[11252] request YandexWeatherAPI for ABUDHABI
[15.03.23 11:51:00] [tasks.fetch:15] [DEBUG]: Thread ThreadFetch_11[12716] request YandexWeatherAPI for WARSZAWA
[15.03.23 11:51:00] [tasks.fetch:15] [DEBUG]: Thread ThreadFetch_12[20456] request YandexWeatherAPI for BUCHAREST
[15.03.23 11:51:00] [tasks.fetch:15] [DEBUG]: Thread ThreadFetch_13[20476] request YandexWeatherAPI for ROMA
[15.03.23 11:51:00] [tasks.fetch:15] [DEBUG]: Thread ThreadFetch_14[2072] request YandexWeatherAPI for CAIRO
[15.03.23 11:51:46] [tasks.fetch:15] [DEBUG]: Thread ThreadFetch_0[15900] request YandexWeatherAPI for MOSCOW
[15.03.23 11:51:46] [tasks.fetch:15] [DEBUG]: Thread ThreadFetch_1[14524] request YandexWeatherAPI for PARIS
[15.03.23 11:51:46] [tasks.fetch:15] [DEBUG]: Thread ThreadFetch_2[5204] request YandexWeatherAPI for LONDON
[15.03.23 11:51:46] [tasks.fetch:15] [DEBUG]: Thread ThreadFetch_3[14084] request YandexWeatherAPI for BERLIN
[15.03.23 11:51:46] [tasks.fetch:15] [DEBUG]: Thread ThreadFetch_4[15812] request YandexWeatherAPI for BEIJING
[15.03.23 11:51:46] [tasks.fetch:15] [DEBUG]: Thread ThreadFetch_5[2072] request YandexWeatherAPI for KAZAN
[15.03.23 11:51:46] [tasks.fetch:15] [DEBUG]: Thread ThreadFetch_6[17196] request YandexWeatherAPI for SPETERSBURG
[15.03.23 11:51:46] [tasks.fetch:15] [DEBUG]: Thread ThreadFetch_7[19004] request YandexWeatherAPI for VOLGOGRAD
[15.03.23 11:51:46] [tasks.fetch:15] [DEBUG]: Thread ThreadFetch_8[16224] request YandexWeatherAPI for NOVOSIBIRSK
[15.03.23 11:51:46] [tasks.fetch:15] [DEBUG]: Thread ThreadFetch_9[15656] request YandexWeatherAPI for KALININGRAD
[15.03.23 11:51:46] [tasks.fetch:15] [DEBUG]: Thread ThreadFetch_10[3668] request YandexWeatherAPI for ABUDHABI
[15.03.23 11:51:46] [tasks.fetch:15] [DEBUG]: Thread ThreadFetch_11[13552] request YandexWeatherAPI for WARSZAWA
[15.03.23 11:51:46] [tasks.fetch:15] [DEBUG]: Thread ThreadFetch_12[32] request YandexWeatherAPI for BUCHAREST
[15.03.23 11:51:46] [tasks.fetch:15] [DEBUG]: Thread ThreadFetch_13[640] request YandexWeatherAPI for ROMA
[15.03.23 11:51:46] [tasks.fetch:15] [DEBUG]: Thread ThreadFetch_14[18404] request YandexWeatherAPI for CAIRO
[15.03.23 11:52:08] [tasks.fetch:15] [DEBUG]: Thread ThreadFetch_0[9352] request YandexWeatherAPI for MOSCOW
[15.03.23 11:52:08] [tasks.fetch:15] [DEBUG]: Thread ThreadFetch_1[6312] request YandexWeatherAPI for PARIS
[15.03.23 11:52:08] [tasks.fetch:15] [DEBUG]: Thread ThreadFetch_2[4312] request YandexWeatherAPI for LONDON
[15.03.23 11:52:08] [tasks.fetch:15] [DEBUG]: Thread ThreadFetch_3[15148] request YandexWeatherAPI for BERLIN
[15.03.23 11:52:08] [tasks.fetch:15] [DEBUG]: Thread ThreadFetch_4[16740] request YandexWeatherAPI for BEIJING
[15.03.23 11:52:08] [tasks.fetch:15] [DEBUG]: Thread ThreadFetch_5[17224] request YandexWeatherAPI for KAZAN
[15.03.23 11:52:08] [tasks.fetch:15] [DEBUG]: Thread ThreadFetch_7[19652] request YandexWeatherAPI for SPETERSBURG
[15.03.23 11:52:08] [tasks.fetch:15] [DEBUG]: Thread ThreadFetch_6[3036] request YandexWeatherAPI for VOLGOGRAD
[15.03.23 11:52:08] [tasks.fetch:15] [DEBUG]: Thread ThreadFetch_8[7824] request YandexWeatherAPI for NOVOSIBIRSK
[15.03.23 11:52:08] [tasks.fetch:15] [DEBUG]: Thread ThreadFetch_9[18612] request YandexWeatherAPI for KALININGRAD
[15.03.23 11:52:08] [tasks.fetch:15] [DEBUG]: Thread ThreadFetch_10[14044] request YandexWeatherAPI for ABUDHABI
[15.03.23 11:52:08] [tasks.fetch:15] [DEBUG]: Thread ThreadFetch_11[11192] request YandexWeatherAPI for WARSZAWA
[15.03.23 11:52:08] [tasks.fetch:15] [DEBUG]: Thread ThreadFetch_12[15664] request YandexWeatherAPI for BUCHAREST
[15.03.23 11:52:08] [tasks.fetch:15] [DEBUG]: Thread ThreadFetch_13[17120] request YandexWeatherAPI for ROMA
[15.03.23 11:52:08] [tasks.fetch:15] [DEBUG]: Thread ThreadFetch_14[17980] request YandexWeatherAPI for CAIRO
[15.03.23 11:53:49] [tasks.fetch:15] [DEBUG]: Thread ThreadFetch_0[904] request YandexWeatherAPI for MOSCOW
[15.03.23 11:53:49] [tasks.fetch:15] [DEBUG]: Thread ThreadFetch_1[17124] request YandexWeatherAPI for PARIS
[15.03.23 11:53:49] [tasks.fetch:15] [DEBUG]: Thread ThreadFetch_2[272] request YandexWeatherAPI for LONDON
[15.03.23 11:53:49] [tasks.fetch:15] [DEBUG]: Thread ThreadFetch_3[11656] request YandexWeatherAPI for BERLIN
[15.03.23 11:53:49] [tasks.fetch:15] [DEBUG]: Thread ThreadFetch_4[12460] request YandexWeatherAPI for BEIJING
[15.03.23 11:53:49] [tasks.fetch:15] [DEBUG]: Thread ThreadFetch_5[732] request YandexWeatherAPI for KAZAN
[15.03.23 11:53:49] [tasks.fetch:15] [DEBUG]: Thread ThreadFetch_6[16456] request YandexWeatherAPI for SPETERSBURG
[15.03.23 11:53:49] [tasks.fetch:15] [DEBUG]: Thread ThreadFetch_7[2616] request YandexWeatherAPI for VOLGOGRAD
[15.03.23 11:53:49] [tasks.fetch:15] [DEBUG]: Thread ThreadFetch_8[7052] request YandexWeatherAPI for NOVOSIBIRSK
[15.03.23 11:53:49] [tasks.fetch:15] [DEBUG]: Thread ThreadFetch_9[12296] request YandexWeatherAPI for KALININGRAD
[15.03.23 11:53:49] [tasks.fetch:15] [DEBUG]: Thread ThreadFetch_10[10068] request YandexWeatherAPI for ABUDHABI
[15.03.23 11:53:49] [tasks.fetch:15] [DEBUG]: Thread ThreadFetch_11[1948] request YandexWeatherAPI for WARSZAWA
[15.03.23 11:53:49] [tasks.fetch:15] [DEBUG]: Thread ThreadFetch_12[15508] request YandexWeatherAPI for BUCHAREST
[15.03.23 11:53:49] [tasks.fetch:15] [DEBUG]: Thread ThreadFetch_13[7960] request YandexWeatherAPI for ROMA
[15.03.23 11:53:49] [tasks.fetch:15] [DEBUG]: Thread ThreadFetch_14[2420] request YandexWeatherAPI for CAIRO
[15.03.23 11:55:21] [tasks.fetch:15] [DEBUG]: Thread ThreadFetch_0[19592] request YandexWeatherAPI for MOSCOW
[15.03.23 11:55:21] [tasks.fetch:15] [DEBUG]: Thread ThreadFetch_1[18032] request YandexWeatherAPI for PARIS
[15.03.23 11:55:21] [tasks.fetch:15] [DEBUG]: Thread ThreadFetch_2[9932] request YandexWeatherAPI for LONDON
[15.03.23 11:55:21] [tasks.fetch:15] [DEBUG]: Thread ThreadFetch_3[12064] request YandexWeatherAPI for BERLIN
[15.03.23 11:55:21] [tasks.fetch:15] [DEBUG]: Thread ThreadFetch_4[5608] request YandexWeatherAPI for BEIJING
[15.03.23 11:55:21] [tasks.fetch:15] [DEBUG]: Thread ThreadFetch_5[14656] request YandexWeatherAPI for KAZAN
[15.03.23 11:55:21] [tasks.fetch:15] [DEBUG]: Thread ThreadFetch_6[7380] request YandexWeatherAPI for SPETERSBURG
[15.03.23 11:55:21] [tasks.fetch:15] [DEBUG]: Thread ThreadFetch_7[19948] request YandexWeatherAPI for VOLGOGRAD
[15.03.23 11:55:21] [tasks.fetch:15] [DEBUG]: Thread ThreadFetch_8[13096] request YandexWeatherAPI for NOVOSIBIRSK
[15.03.23 11:55:21] [tasks.fetch:15] [DEBUG]: Thread ThreadFetch_9[5364] request YandexWeatherAPI for KALININGRAD
[15.03.23 11:55:21] [tasks.fetch:15] [DEBUG]: Thread ThreadFetch_10[19744] request YandexWeatherAPI for ABUDHABI
[15.03.23 11:55:21] [tasks.fetch:15] [DEBUG]: Thread ThreadFetch_11[8856] request YandexWeatherAPI for WARSZAWA
[15.03.23 11:55:21] [tasks.fetch:15] [DEBUG]: Thread ThreadFetch_12[4704] request YandexWeatherAPI for BUCHAREST
[15.03.23 11:55:21] [tasks.fetch:15] [DEBUG]: Thread ThreadFetch_13[20236] request YandexWeatherAPI for ROMA
[15.03.23 11:55:21] [tasks.fetch:15] [DEBUG]: Thread ThreadFetch_14[17280] request YandexWeatherAPI for CAIRO
[15.03.23 11:56:26] [tasks.fetch:15] [DEBUG]: Thread ThreadFetch_0[18552] request YandexWeatherAPI for MOSCOW
[15.03.23 11:56:26] [tasks.fetch:15] [DEBUG]: Thread ThreadFetch_1[8472] request YandexWeatherAPI for PARIS
[15.03.23 11:56:26] [tasks.fetch:15] [DEBUG]: Thread ThreadFetch_2[14496] request YandexWeatherAPI for LONDON
[15.03.23 11:56:26] [tasks.fetch:15] [DEBUG]: Thread ThreadFetch_3[18852] request YandexWeatherAPI for BERLIN
[15.03.23 11:56:26] [tasks.fetch:15] [DEBUG]: Thread ThreadFetch_4[9388] request YandexWeatherAPI for BEIJING
[15.03.23 11:56:26] [tasks.fetch:15] [DEBUG]: Thread ThreadFetch_5[5368] request YandexWeatherAPI for KAZAN
[15.03.23 11:56:26] [tasks.fetch:15] [DEBUG]: Thread ThreadFetch_6[19920] request YandexWeatherAPI for SPETERSBURG
[15.03.23 11:56:26] [tasks.fetch:15] [DEBUG]: Thread ThreadFetch_7[20160] request YandexWeatherAPI for VOLGOGRAD
[15.03.23 11:56:26] [tasks.fetch:15] [DEBUG]: Thread ThreadFetch_8[6424] request YandexWeatherAPI for NOVOSIBIRSK
[15.03.23 11:56:26] [tasks.fetch:15] [DEBUG]: Thread ThreadFetch_9[15260] request YandexWeatherAPI for KALININGRAD
[15.03.23 11:56:26] [tasks.fetch:15] [DEBUG]: Thread ThreadFetch_10[5864] request YandexWeatherAPI for ABUDHABI
[15.03.23 11:56:26] [tasks.fetch:15] [DEBUG]: Thread ThreadFetch_11[3740] request YandexWeatherAPI for WARSZAWA
[15.03.23 11:56:26] [tasks.fetch:15] [DEBUG]: Thread ThreadFetch_12[696] request YandexWeatherAPI for BUCHAREST
[15.03.23 11:56:26] [tasks.fetch:15] [DEBUG]: Thread ThreadFetch_13[18980] request YandexWeatherAPI for ROMA
[15.03.23 11:56:26] [tasks.fetch:15] [DEBUG]: Thread ThreadFetch_14[12492] request YandexWeatherAPI for CAIRO
[15.03.23 11:56:53] [tasks.fetch:15] [DEBUG]: Thread ThreadFetch_0[20300] request YandexWeatherAPI for MOSCOW
[15.03.23 11:56:53] [tasks.fetch:15] [DEBUG]: Thread ThreadFetch_1[17344] request YandexWeatherAPI for PARIS
[15.03.23 11:56:53] [tasks.fetch:15] [DEBUG]: Thread ThreadFetch_2[3012] request YandexWeatherAPI for LONDON
[15.03.23 11:56:53] [tasks.fetch:15] [DEBUG]: Thread ThreadFetch_3[18732] request YandexWeatherAPI for BERLIN
[15.03.23 11:56:53] [tasks.fetch:15] [DEBUG]: Thread ThreadFetch_4[17788] request YandexWeatherAPI for BEIJING
[15.03.23 11:56:53] [tasks.fetch:15] [DEBUG]: Thread ThreadFetch_5[8472] request YandexWeatherAPI for KAZAN
[15.03.23 11:56:53] [tasks.fetch:15] [DEBUG]: Thread ThreadFetch_6[5368] request YandexWeatherAPI for SPETERSBURG
[15.03.23 11:56:53] [tasks.fetch:15] [DEBUG]: Thread ThreadFetch_7[19920] request YandexWeatherAPI for VOLGOGRAD
[15.03.23 11:56:53] [tasks.fetch:15] [DEBUG]: Thread ThreadFetch_8[12492] request YandexWeatherAPI for NOVOSIBIRSK
[15.03.23 11:56:53] [tasks.fetch:15] [DEBUG]: Thread ThreadFetch_9[3612] request YandexWeatherAPI for KALININGRAD
[15.03.23 11:56:53] [tasks.fetch:15] [DEBUG]: Thread ThreadFetch_10[11712] request YandexWeatherAPI for ABUDHABI
[15.03.23 11:56:53] [tasks.fetch:15] [DEBUG]: Thread ThreadFetch_11[5068] request YandexWeatherAPI for WARSZAWA
[15.03.23 11:56:53] [tasks.fetch:15] [DEBUG]: Thread ThreadFetch_12[1716] request YandexWeatherAPI for BUCHAREST
[15.03.23 11:56:53] [tasks.fetch:15] [DEBUG]: Thread ThreadFetch_13[1548] request YandexWeatherAPI for ROMA
[15.03.23 11:56:53] [tasks.fetch:15] [DEBUG]: Thread ThreadFetch_14[12336] request YandexWeatherAPI for CAIRO
[15.03.23 12:00:52] [tasks.fetch:15] [DEBUG]: Thread ThreadFetch_0[18564] request YandexWeatherAPI for MOSCOW
[15.03.23 12:00:52] [tasks.fetch:15] [DEBUG]: Thread ThreadFetch_1[19872] request YandexWeatherAPI for PARIS
[15.03.23 12:00:52] [tasks.fetch:15] [DEBUG]: Thread ThreadFetch_2[3456] request YandexWeatherAPI for LONDON
[15.03.23 12:00:52] [tasks.fetch:15] [DEBUG]: Thread ThreadFetch_3[17008] request YandexWeatherAPI for BERLIN
[15.03.23 12:00:52] [tasks.fetch:15] [DEBUG]: Thread ThreadFetch_4[19544] request YandexWeatherAPI for BEIJING
[15.03.23 12:00:52] [tasks.fetch:15] [DEBUG]: Thread ThreadFetch_5[4816] request YandexWeatherAPI for KAZAN
[15.03.23 12:00:52] [tasks.fetch:15] [DEBUG]: Thread ThreadFetch_6[5080] request YandexWeatherAPI for SPETERSBURG
[15.03.23 12:00:52] [tasks.fetch:15] [DEBUG]: Thread ThreadFetch_7[3844] request YandexWeatherAPI for VOLGOGRAD
[15.03.23 12:00:52] [tasks.fetch:15] [DEBUG]: Thread ThreadFetch_8[18996] request YandexWeatherAPI for NOVOSIBIRSK
[15.03.23 12:00:52] [tasks.fetch:15] [DEBUG]: Thread ThreadFetch_9[6372] request YandexWeatherAPI for KALININGRAD
[15.03.23 12:00:52] [tasks.fetch:15] [DEBUG]: Thread ThreadFetch_10[18392] request YandexWeatherAPI for ABUDHABI
[15.03.23 12:00:52] [tasks.fetch:15] [DEBUG]: Thread ThreadFetch_11[16648] request YandexWeatherAPI for WARSZAWA
[15.03.23 12:00:52] [tasks.fetch:15] [DEBUG]: Thread ThreadFetch_12[17300] request YandexWeatherAPI for BUCHAREST
[15.03.23 12:00:52] [tasks.fetch:15] [DEBUG]: Thread ThreadFetch_13[15584] request YandexWeatherAPI for ROMA
[15.03.23 12:00:52] [tasks.fetch:15] [DEBUG]: Thread ThreadFetch_14[12200] request YandexWeatherAPI for CAIRO
[16.03.23 18:21:22] [tasks.fetch:21] [DEBUG]: Thread ThreadFetch_0[12996] request YandexWeatherAPI for MOSCOW
[16.03.23 18:21:22] [tasks.fetch:21] [DEBUG]: Thread ThreadFetch_1[13876] request YandexWeatherAPI for PARIS
[16.03.23 18:21:22] [tasks.fetch:21] [DEBUG]: Thread ThreadFetch_2[14288] request YandexWeatherAPI for LONDON
[16.03.23 18:21:22] [tasks.fetch:21] [DEBUG]: Thread ThreadFetch_3[3864] request YandexWeatherAPI for BERLIN
[16.03.23 18:21:22] [tasks.fetch:21] [DEBUG]: Thread ThreadFetch_4[9148] request YandexWeatherAPI for BEIJING
[16.03.23 18:21:22] [tasks.fetch:21] [DEBUG]: Thread ThreadFetch_5[13040] request YandexWeatherAPI for KAZAN
[16.03.23 18:21:22] [tasks.fetch:21] [DEBUG]: Thread ThreadFetch_6[7440] request YandexWeatherAPI for SPETERSBURG
[16.03.23 18:21:22] [tasks.fetch:21] [DEBUG]: Thread ThreadFetch_7[7224] request YandexWeatherAPI for VOLGOGRAD
[16.03.23 18:21:22] [tasks.fetch:21] [DEBUG]: Thread ThreadFetch_8[3240] request YandexWeatherAPI for NOVOSIBIRSK
[16.03.23 18:21:22] [tasks.fetch:21] [DEBUG]: Thread ThreadFetch_9[11168] request YandexWeatherAPI for KALININGRAD
[16.03.23 18:21:22] [tasks.fetch:21] [DEBUG]: Thread ThreadFetch_0[12996] request YandexWeatherAPI for ABUDHABI
[16.03.23 18:21:22] [tasks.fetch:21] [DEBUG]: Thread ThreadFetch_6[7440] request YandexWeatherAPI for WARSZAWA
[16.03.23 18:21:22] [tasks.fetch:21] [DEBUG]: Thread ThreadFetch_1[13876] request YandexWeatherAPI for BUCHAREST
[16.03.23 18:21:22] [tasks.fetch:21] [DEBUG]: Thread ThreadFetch_5[13040] request YandexWeatherAPI for ROMA
[16.03.23 18:21:22] [tasks.fetch:21] [DEBUG]: Thread ThreadFetch_8[3240] request YandexWeatherAPI for CAIRO
[16.03.23 18:21:24] [tasks.run:61] [DEBUG]: Process SpawnPoolWorker-4[7720] calculate average temp for MOSCOW
[16.03.23 18:21:24] [tasks.run:61] [DEBUG]: Process SpawnPoolWorker-5[10388] calculate average temp for PARIS
[16.03.23 18:21:24] [tasks.run:61] [DEBUG]: Process SpawnPoolWorker-6[11636] calculate average temp for LONDON
[16.03.23 18:21:24] [tasks.run:61] [DEBUG]: Process SpawnPoolWorker-5[10388] calculate average temp for KAZAN
[16.03.23 18:21:24] [tasks.run:61] [DEBUG]: Process SpawnPoolWorker-3[1956] calculate average temp for BERLIN
[16.03.23 18:21:24] [tasks.run:61] [DEBUG]: Process SpawnPoolWorker-2[11364] calculate average temp for BEIJING
[16.03.23 18:21:24] [tasks.run:61] [DEBUG]: Process SpawnPoolWorker-4[7720] calculate average temp for SPETERSBURG
[16.03.23 18:21:24] [tasks.run:61] [DEBUG]: Process SpawnPoolWorker-6[11636] calculate average temp for VOLGOGRAD
[16.03.23 18:21:24] [tasks.run:61] [DEBUG]: Process SpawnPoolWorker-3[1956] calculate average temp for NOVOSIBIRSK
[16.03.23 18:21:24] [tasks.run:61] [DEBUG]: Process SpawnPoolWorker-4[7720] calculate average temp for ABUDHABI
[16.03.23 18:21:24] [tasks.run:61] [DEBUG]: Process SpawnPoolWorker-2[11364] calculate average temp for KALININGRAD
[16.03.23 18:21:24] [tasks.run:61] [DEBUG]: Process SpawnPoolWorker-5[10388] calculate average temp for WARSZAWA
[16.03.23 18:21:25] [tasks.run:61] [DEBUG]: Process SpawnPoolWorker-6[11636] calculate average temp for BUCHAREST
[16.03.23 18:21:25] [tasks.run:61] [DEBUG]: Process SpawnPoolWorker-3[1956] calculate average temp for ROMA
[16.03.23 18:21:25] [tasks.run:61] [DEBUG]: Process SpawnPoolWorker-2[11364] calculate average temp for CAIRO
[16.03.23 18:21:25] [tasks.aggregate:107] [DEBUG]: Process SpawnPoolWorker-5[10388] aggregate PARIS to file
[16.03.23 18:21:25] [tasks.aggregate:107] [DEBUG]: Process SpawnPoolWorker-5[10388] aggregate MOSCOW to file
[16.03.23 18:21:25] [tasks.aggregate:107] [DEBUG]: Process SpawnPoolWorker-5[10388] aggregate LONDON to file
[16.03.23 18:21:25] [tasks.aggregate:107] [DEBUG]: Process SpawnPoolWorker-5[10388] aggregate BERLIN to file
[16.03.23 18:21:25] [tasks.aggregate:107] [DEBUG]: Process SpawnPoolWorker-5[10388] aggregate BEIJING to file
[16.03.23 18:21:25] [tasks.aggregate:107] [DEBUG]: Process SpawnPoolWorker-5[10388] aggregate SPETERSBURG to file
[16.03.23 18:21:25] [tasks.aggregate:107] [DEBUG]: Process SpawnPoolWorker-5[10388] aggregate KAZAN to file
[16.03.23 18:21:25] [tasks.aggregate:107] [DEBUG]: Process SpawnPoolWorker-5[10388] aggregate VOLGOGRAD to file
[16.03.23 18:21:25] [tasks.aggregate:107] [DEBUG]: Process SpawnPoolWorker-5[10388] aggregate NOVOSIBIRSK to file
[16.03.23 18:21:25] [tasks.aggregate:107] [DEBUG]: Process SpawnPoolWorker-5[10388] aggregate KALININGRAD to file
[16.03.23 18:21:25] [tasks.aggregate:107] [DEBUG]: Process SpawnPoolWorker-5[10388] aggregate WARSZAWA to file
[16.03.23 18:21:25] [tasks.aggregate:107] [DEBUG]: Process SpawnPoolWorker-5[10388] aggregate ABUDHABI to file
[16.03.23 18:21:25] [tasks.aggregate:107] [DEBUG]: Process SpawnPoolWorker-5[10388] aggregate BUCHAREST to file
[16.03.23 18:21:25] [tasks.aggregate:107] [DEBUG]: Process SpawnPoolWorker-5[10388] aggregate ROMA to file
[16.03.23 18:21:25] [tasks.aggregate:107] [DEBUG]: Process SpawnPoolWorker-5[10388] aggregate CAIRO to file
